02-03-2017 23:15 -- hakan2 has just registered.
03-03-2017 14:48 -- hakan2 has just registered.
03-03-2017 14:49 -- hakan2 has just registered.
03-03-2017 14:50 -- hakan2 has just registered.
03-03-2017 14:50 -- hakan2 has just registered.
03-03-2017 14:50 -- hakan2 has just registered.
03-03-2017 14:51 -- hakan2 has just registered.
03-03-2017 15:30 -- hakan2 has just registered.
03-03-2017 15:30 -- hakan2 has just registered.
03-03-2017 15:30 -- hakan2 has just registered.
03-03-2017 15:30 -- hakan2 has just registered.
03-03-2017 15:30 -- hakan2 has just registered.
03-03-2017 15:30 -- hakan2 has just registered.
03-03-2017 16:06 -- hakan2uploads/hakan2/lel.png has deletted.
03-03-2017 16:07 -- hakan2 uploads/hakan2/hakan.jpg has deletted.
03-03-2017 16:11 -- hakan2 uploads/hakan2/hakan.jpg has deletted.
03-03-2017 16:11 -- hakan2 10467877.jpg changed tohakan.jpg
03-03-2017 16:12 -- hakan2  change hakan.jpg changed to hakan2.jpg
03-03-2017 16:13 -- hakan2 change hakan2.jpg to qsd.jpg
03-03-2017 16:20 -- hakan2 upload Array
03-03-2017 16:21 -- hakan2 upload Capture d’écran 2017-02-27 à 18.07.00.png
03-03-2017 16:23 -- hakan2 upload .png
03-03-2017 16:23 -- hakan2 upload weshacakzeflsdnfsdlfn.png
03-03-2017 17:03 -- hakan2 upload weshacakzeflsdnfsdlfn.png
03-03-2017 17:07 -- hakan2 upload test.txt
03-03-2017 17:22 -- hakan2 uploads/hakan2/Capture d’écran 2017-02-15 à 21.35.29.png has deletted.
03-03-2017 17:22 -- hakan2 uploads/hakan2/Capture d’écran 2017-02-27 à 18.07.00.png has deletted.
03-03-2017 17:22 -- hakan2 uploads/hakan2/test.txt has deletted.
03-03-2017 17:28 -- hakan2 uploads/hakan2/test.txt has deletted.
03-03-2017 17:28 -- hakan2 upload test.txt
03-03-2017 17:39 -- hakan2 uploads/hakan2/qsd.jpg has deletted.
03-03-2017 17:53 -- hakan2 uploads/hakan2/test.txt has deletted.
03-03-2017 17:53 -- hakan2 upload test.txt
03-03-2017 18:30 -- hakan2 uploads/hakan2/weshacakzeflsdnfsdlfn.png has deletted.
03-03-2017 18:30 -- hakan2 uploads/hakan2/weshalors.png has deletted.
03-03-2017 18:30 -- hakan2 uploads/hakan2/test.txt has deletted.
03-03-2017 18:30 -- hakan2 upload 10467877.jpg
03-03-2017 18:30 -- hakan2 upload 16806950_1322014514528488_6351785205179251545_n.jpg
03-03-2017 18:30 -- hakan2 upload test.txt
03-03-2017 18:36 -- hakan2 uploads/hakan2/test.txt has deletted.
03-03-2017 18:36 -- hakan2 uploads/hakan2/test.txt has deletted.
04-03-2017 03:55 -- hakan2 uploads/hakan2/test.txt has deletted.
04-03-2017 03:56 -- hakan2 uploads/hakan2/test.txt has deletted.
04-03-2017 03:57 -- hakan2 uploads/hakan2/test.txt has deletted.
04-03-2017 04:01 -- hakan2 uploads/hakan2/test.txt has deletted.
04-03-2017 04:01 -- hakan2 uploads/hakan2/test.txt has deletted.
04-03-2017 04:02 -- hakan2 change 16806950_1322014514528488_6351785205179251545_n.jpg to hakan.jpg
04-03-2017 04:13 -- hakan2 upload test.txt
05-03-2017 10:54 -- hakan2 uploads/hakan2/10467877.jpg has deletted.
05-03-2017 10:54 -- hakan2 uploads/hakan2/lel.png has deletted.
05-03-2017 10:54 -- hakan2 uploads/hakan2/test.txt has deletted.
05-03-2017 10:57 -- hakan2 upload hakan.png
05-03-2017 10:58 -- hakan2 change 10467877.jpg to lel
05-03-2017 10:59 -- hakan2 create folder hakan
05-03-2017 11:07 -- hakan2 create folder hakan
05-03-2017 11:08 -- hakan2 create folder hakan
05-03-2017 11:09 -- hakan2 create folder hakan
05-03-2017 11:11 -- hakan2 create folder hakan
05-03-2017 11:11 -- hakan2 create folder hakan
05-03-2017 11:22 -- hakan2 create folder qsdqsd
05-03-2017 11:22 -- hakan2 create folder qsdqsd
05-03-2017 11:23 -- hakan2 create folder qsdqsd
05-03-2017 11:25 -- hakan2 create folder qsdqsd
05-03-2017 11:25 -- hakan2 create folder qsdqsd
05-03-2017 11:25 -- hakan2 create folder qsdqsd
05-03-2017 11:26 -- hakan2 create folder qsdqsd
05-03-2017 11:26 -- hakan2 create folder qsdqsd
05-03-2017 11:27 -- hakan2 create folder qsdqsd
05-03-2017 11:34 -- hakan2 create folder qsdqsd
05-03-2017 11:41 -- hakan2 create folder qsdqsd
05-03-2017 11:41 -- hakan2 create folder qsdqsd
05-03-2017 11:42 -- hakan2 create folder qsdqsd
05-03-2017 11:42 -- hakan2 create folder qsdqsd
05-03-2017 11:43 -- hakan2 create folder qsdqsd
05-03-2017 11:44 -- hakan2 create folder qsdqsd
05-03-2017 11:44 -- hakan2 create folder qsdqsd
05-03-2017 11:50 -- hakan2 uploads/hakan2/hakan folder has deletted.
05-03-2017 11:53 -- hakan2 uploads/hakan2/ folder has deletted.
05-03-2017 11:53 -- hakan2 uploads/hakan2/hakan/ folder has deletted.
05-03-2017 11:53 -- hakan2 uploads/hakan2/hakan folder has deletted.
05-03-2017 11:53 -- hakan2 uploads/hakan2/hakan folder has deletted.
05-03-2017 11:53 -- hakan2 uploads/hakan2/hakan folder has deletted.
05-03-2017 11:54 -- hakan2 uploads/hakan2/hakan folder has deletted.
05-03-2017 11:56 -- hakan2 uploads/hakan2/hakan folder has deletted.
05-03-2017 11:56 -- hakan2 uploads/hakan2/hakan folder has deletted.
05-03-2017 11:57 -- hakan2 uploads/hakan2/hakan folder has deletted.
05-03-2017 11:57 -- hakan2 uploads/hakan2/hakan folder has deletted.
05-03-2017 11:58 -- hakan2 uploads/hakan2/hakan folder has deletted.
05-03-2017 11:58 -- hakan2 uploads/hakan2/hakan folder has deletted.
05-03-2017 11:58 -- hakan2 uploads/hakan2/hakan folder has deletted.
05-03-2017 11:59 -- hakan2 uploads/hakan2/hakan folder has deletted.
05-03-2017 11:59 -- hakan2 uploads/hakan2/hakan folder has deletted.
05-03-2017 11:59 -- hakan2 uploads/hakan2/hakan folder has deletted.
05-03-2017 11:59 -- hakan2 uploads/hakan2/hakan folder has deletted.
05-03-2017 11:59 -- hakan2 uploads/hakan2/hakan folder has deletted.
05-03-2017 11:59 -- hakan2 uploads/hakan2/hakan folder has deletted.
05-03-2017 11:59 -- hakan2 uploads/hakan2/hakan folder has deletted.
05-03-2017 11:59 -- hakan2 uploads/hakan2/hakan folder has deletted.
05-03-2017 11:59 -- hakan2 uploads/hakan2/hakan folder has deletted.
05-03-2017 11:59 -- hakan2 uploads/hakan2/hakan folder has deletted.
05-03-2017 11:59 -- hakan2 uploads/hakan2/hakan folder has deletted.
05-03-2017 11:59 -- hakan2 uploads/hakan2/hakan folder has deletted.
05-03-2017 12:00 -- hakan2 uploads/hakan2/hakan folder has deletted.
05-03-2017 12:00 -- hakan2 uploads/hakan2/hakan folder has deletted.
05-03-2017 12:00 -- hakan2 uploads/hakan2/hakan folder has deletted.
05-03-2017 12:01 -- hakan2 uploads/hakan2/hakan folder has deletted.
05-03-2017 12:01 -- hakan2 uploads/hakan2/hakan folder has deletted.
05-03-2017 12:01 -- hakan2 uploads/hakan2/hakan folder has deletted.
05-03-2017 12:02 -- hakan2 uploads/hakan2/hakan folder has deletted.
05-03-2017 12:48 -- hakan2 uploads/hakan2/hakan.png has deletted.
05-03-2017 12:48 -- hakan2 upload hakan.png
05-03-2017 12:49 -- hakan2 uploads/hakan2/hakan.png has deletted.
05-03-2017 12:49 -- hakan2 uploads/hakan2/hakan.png has deletted.
05-03-2017 12:49 -- hakan2 uploads/hakan2/hakan.png has deletted.
05-03-2017 12:49 -- hakan2 uploads/hakan2/hakan.png has deletted.
05-03-2017 12:49 -- hakan2 upload 10467877.jpg
05-03-2017 12:50 -- hakan2 upload lel.png
05-03-2017 12:50 -- hakan2 upload Capture d’écran 2017-02-28 à 23.37.16.png
05-03-2017 12:50 -- hakan2 uploads/hakan2/Capture d’écran 2017-02-28 à 23.37.16.png has deletted.
05-03-2017 12:50 -- hakan2 uploads/hakan2/lel.png has deletted.
05-03-2017 12:50 -- hakan2 uploads/hakan2/10467877.jpg has deletted.
05-03-2017 12:50 -- hakan2 uploads/hakan2/10467877.jpg has deletted.
05-03-2017 12:50 -- hakan2 uploads/hakan2/qsdqsd folder has deletted.
05-03-2017 12:50 -- hakan2 uploads/hakan2/qsdqd folder has deletted.
05-03-2017 12:50 -- hakan2 uploads/hakan2/qsdqd folder has deletted.
05-03-2017 12:55 -- hakan2 uploads/hakan2/qsdqd folder has deletted.
05-03-2017 12:55 -- hakan2 upload 10467877.jpg
05-03-2017 12:56 -- hakan3 upload lel.png
